\BOOKMARK [0][-]{chapter.1}{\376\377\0001\000\040\000F\000i\000l\000e\000\040\000I\000n\000d\000e\000x}{}% 1
\BOOKMARK [1][-]{section.1.1}{\376\377\0001\000.\0001\000\040\000F\000i\000l\000e\000\040\000L\000i\000s\000t}{chapter.1}% 2
\BOOKMARK [0][-]{chapter.2}{\376\377\0002\000\040\000F\000i\000l\000e\000\040\000D\000o\000c\000u\000m\000e\000n\000t\000a\000t\000i\000o\000n}{}% 3
\BOOKMARK [1][-]{section.2.1}{\376\377\0002\000.\0001\000\040\000i\000n\000c\000l\000/\000m\000a\000t\000r\000i\000z\000.\000h\000\040\000F\000i\000l\000e\000\040\000R\000e\000f\000e\000r\000e\000n\000c\000e}{chapter.2}% 4
\BOOKMARK [1][-]{section.2.2}{\376\377\0002\000.\0002\000\040\000m\000a\000i\000n\000.\000c\000\040\000F\000i\000l\000e\000\040\000R\000e\000f\000e\000r\000e\000n\000c\000e}{chapter.2}% 5
\BOOKMARK [2][-]{subsection.2.2.1}{\376\377\0002\000.\0002\000.\0001\000\040\000D\000e\000t\000a\000i\000l\000e\000d\000\040\000D\000e\000s\000c\000r\000i\000p\000t\000i\000o\000n}{section.2.2}% 6
\BOOKMARK [2][-]{subsection.2.2.2}{\376\377\0002\000.\0002\000.\0002\000\040\000F\000u\000n\000c\000t\000i\000o\000n\000\040\000D\000o\000c\000u\000m\000e\000n\000t\000a\000t\000i\000o\000n}{section.2.2}% 7
\BOOKMARK [3][-]{subsubsection.2.2.2.1}{\376\377\0002\000.\0002\000.\0002\000.\0001\000\040\000m\000a\000i\000n\000\050\000\051}{subsection.2.2.2}% 8
\BOOKMARK [1][-]{section.2.3}{\376\377\0002\000.\0003\000\040\000s\000r\000c\000/\000m\000a\000t\000r\000i\000z\000.\000c\000\040\000F\000i\000l\000e\000\040\000R\000e\000f\000e\000r\000e\000n\000c\000e}{chapter.2}% 9
\BOOKMARK [2][-]{subsection.2.3.1}{\376\377\0002\000.\0003\000.\0001\000\040\000D\000e\000t\000a\000i\000l\000e\000d\000\040\000D\000e\000s\000c\000r\000i\000p\000t\000i\000o\000n}{section.2.3}% 10
\BOOKMARK [2][-]{subsection.2.3.2}{\376\377\0002\000.\0003\000.\0002\000\040\000F\000u\000n\000c\000t\000i\000o\000n\000\040\000D\000o\000c\000u\000m\000e\000n\000t\000a\000t\000i\000o\000n}{section.2.3}% 11
\BOOKMARK [3][-]{subsubsection.2.3.2.1}{\376\377\0002\000.\0003\000.\0002\000.\0001\000\040\000C\000r\000e\000a\000r\000M\000a\000t\000r\000i\000z\000\050\000\051}{subsection.2.3.2}% 12
\BOOKMARK [3][-]{subsubsection.2.3.2.2}{\376\377\0002\000.\0003\000.\0002\000.\0002\000\040\000I\000m\000p\000r\000i\000m\000i\000r\000M\000a\000t\000r\000i\000z\000\050\000\051}{subsection.2.3.2}% 13
\BOOKMARK [3][-]{subsubsection.2.3.2.3}{\376\377\0002\000.\0003\000.\0002\000.\0003\000\040\000L\000i\000m\000p\000i\000a\000r\000M\000a\000t\000r\000i\000z\000\050\000\051}{subsection.2.3.2}% 14
\BOOKMARK [3][-]{subsubsection.2.3.2.4}{\376\377\0002\000.\0003\000.\0002\000.\0004\000\040\000L\000l\000e\000n\000a\000r\000M\000a\000t\000r\000i\000z\000\050\000\051}{subsection.2.3.2}% 15
\BOOKMARK [3][-]{subsubsection.2.3.2.5}{\376\377\0002\000.\0003\000.\0002\000.\0005\000\040\000M\000u\000l\000t\000i\000p\000l\000i\000c\000a\000r\000E\000s\000c\000a\000l\000a\000r\000\050\000\051}{subsection.2.3.2}% 16
\BOOKMARK [3][-]{subsubsection.2.3.2.6}{\376\377\0002\000.\0003\000.\0002\000.\0006\000\040\000M\000u\000l\000t\000i\000p\000l\000i\000c\000a\000r\000M\000a\000t\000r\000i\000c\000e\000s\000\050\000\051}{subsection.2.3.2}% 17
\BOOKMARK [3][-]{subsubsection.2.3.2.7}{\376\377\0002\000.\0003\000.\0002\000.\0007\000\040\000S\000u\000m\000a\000r\000E\000s\000c\000a\000l\000a\000r\000\050\000\051}{subsection.2.3.2}% 18
\BOOKMARK [3][-]{subsubsection.2.3.2.8}{\376\377\0002\000.\0003\000.\0002\000.\0008\000\040\000S\000u\000m\000a\000r\000M\000a\000t\000r\000i\000c\000e\000s\000\050\000\051}{subsection.2.3.2}% 19
\BOOKMARK [3][-]{subsubsection.2.3.2.9}{\376\377\0002\000.\0003\000.\0002\000.\0009\000\040\000T\000r\000a\000n\000s\000p\000u\000e\000s\000t\000a\000\050\000\051}{subsection.2.3.2}% 20
\BOOKMARK [1][-]{section.2.4}{\376\377\0002\000.\0004\000\040\000s\000r\000c\000/\000t\000o\000o\000l\000s\000.\000c\000\040\000F\000i\000l\000e\000\040\000R\000e\000f\000e\000r\000e\000n\000c\000e}{chapter.2}% 21
\BOOKMARK [2][-]{subsection.2.4.1}{\376\377\0002\000.\0004\000.\0001\000\040\000D\000e\000t\000a\000i\000l\000e\000d\000\040\000D\000e\000s\000c\000r\000i\000p\000t\000i\000o\000n}{section.2.4}% 22
\BOOKMARK [2][-]{subsection.2.4.2}{\376\377\0002\000.\0004\000.\0002\000\040\000F\000u\000n\000c\000t\000i\000o\000n\000\040\000D\000o\000c\000u\000m\000e\000n\000t\000a\000t\000i\000o\000n}{section.2.4}% 23
\BOOKMARK [3][-]{subsubsection.2.4.2.1}{\376\377\0002\000.\0004\000.\0002\000.\0001\000\040\000B\000i\000e\000n\000v\000e\000n\000i\000d\000o\000\050\000\051}{subsection.2.4.2}% 24
\BOOKMARK [3][-]{subsubsection.2.4.2.2}{\376\377\0002\000.\0004\000.\0002\000.\0002\000\040\000M\000e\000n\000u\000\050\000\051}{subsection.2.4.2}% 25
\BOOKMARK [0][-]{section*.5}{\376\377\000I\000n\000d\000e\000x}{}% 26
